<?xml version="1.0" encoding="UTF-8"?>
<!-- Generated by org.testng.reporters.JUnitXMLReporter -->
<testsuite ignored="0" hostname="MacBook-Pro-cua-PhuongHM.local" failures="0" tests="6" name="Default test" time="7.089" errors="0" timestamp="2022-08-09T22:01:48 ICT">
  <testcase classname="Ecom.TestCase" name="TC_01_Login" time="2.423"/>
  <testcase classname="Ecom.TestCase" name="TC_02_CreateProduct" time="1.382"/>
  <testcase classname="Ecom.TestCase" name="TC_03_CreateOrder" time="0.593"/>
  <testcase classname="Ecom.TestCase" name="TC_04_ViewDetailOrder" time="0.521"/>
  <testcase classname="Ecom.TestCase" name="TC_05_DeleteOrder" time="0.505"/>
  <testcase classname="Ecom.TestCase" name="TC_06_DeleteProduct" time="0.484"/>
</testsuite> <!-- Default test -->
