<?xml version="1.0" encoding="UTF-8"?>
<!-- Generated by org.testng.reporters.JUnitXMLReporter -->
<testsuite ignored="0" hostname="MacBook-Pro-cua-PhuongHM.local" failures="0" tests="5" name="Default test" time="8.076" errors="0" timestamp="2022-08-04T12:53:22 ICT">
  <testcase classname="JIRA.GetToken" name="getTokenDeviceID" time="3.499"/>
  <testcase classname="JIRA.GetToken" name="createIssue" time="2.19"/>
  <testcase classname="JIRA.GetToken" name="addComment" time="0.565"/>
  <testcase classname="JIRA.GetToken" name="addAttachment" time="0.483"/>
  <testcase classname="JIRA.GetToken" name="getIssue" time="0.354"/>
</testsuite> <!-- Default test -->
