<?xml version="1.0" encoding="UTF-8"?>
<testng-results ignored="0" total="4" passed="4" failed="0" skipped="0">
  <reporter-output>
  </reporter-output>
  <suite started-at="2022-08-01T18:01:45 ICT" name="Default suite" finished-at="2022-08-01T18:01:47 ICT" duration-ms="1824">
    <groups>
    </groups>
    <test started-at="2022-08-01T18:01:45 ICT" name="Default test" finished-at="2022-08-01T18:01:47 ICT" duration-ms="1824">
      <class name="HCE.JwtToken">
        <test-method signature="getTokenDeviceID()[pri:1, instance:HCE.JwtToken@6a370f4]" started-at="2022-08-01T18:01:45 ICT" name="getTokenDeviceID" finished-at="2022-08-01T18:01:47 ICT" duration-ms="1456" status="PASS">
          <reporter-output>
          </reporter-output>
        </test-method> <!-- getTokenDeviceID -->
        <test-method signature="testPublicKey()[pri:2, instance:HCE.JwtToken@6a370f4]" started-at="2022-08-01T18:01:47 ICT" name="testPublicKey" finished-at="2022-08-01T18:01:47 ICT" duration-ms="61" status="PASS">
          <reporter-output>
          </reporter-output>
        </test-method> <!-- testPublicKey -->
        <test-method signature="handshake()[pri:3, instance:HCE.JwtToken@6a370f4]" started-at="2022-08-01T18:01:47 ICT" name="handshake" finished-at="2022-08-01T18:01:47 ICT" duration-ms="187" status="PASS">
          <reporter-output>
          </reporter-output>
        </test-method> <!-- handshake -->
        <test-method signature="testDecrypt()[pri:4, instance:HCE.JwtToken@6a370f4]" started-at="2022-08-01T18:01:47 ICT" name="testDecrypt" finished-at="2022-08-01T18:01:47 ICT" duration-ms="85" status="PASS">
          <reporter-output>
          </reporter-output>
        </test-method> <!-- testDecrypt -->
      </class> <!-- HCE.JwtToken -->
    </test> <!-- Default test -->
  </suite> <!-- Default suite -->
</testng-results>
